<?xml version="1.0" encoding="UTF-8"?>
<testng-results ignored="0" total="5" passed="5" failed="0" skipped="0">
  <reporter-output>
  </reporter-output>
  <suite started-at="2022-04-25T01:53:41 IST" name="Default suite" finished-at="2022-04-25T01:55:19 IST" duration-ms="98144">
    <groups>
    </groups>
    <test started-at="2022-04-25T01:53:41 IST" name="Default test" finished-at="2022-04-25T01:55:19 IST" duration-ms="98144">
      <class name="com.aspire.qa.testcases.ManufacturingFeaturePageTest">
        <test-method is-config="true" signature="setUp()[pri:0, instance:com.aspire.qa.testcases.ManufacturingFeaturePageTest@33990a0c]" started-at="2022-04-25T01:53:41 IST" name="setUp" finished-at="2022-04-25T01:53:57 IST" duration-ms="16667" status="PASS">
          <reporter-output>
          </reporter-output>
        </test-method> <!-- setUp -->
        <test-method signature="verifyclickOnCreateBtn()[pri:1, instance:com.aspire.qa.testcases.ManufacturingFeaturePageTest@33990a0c]" started-at="2022-04-25T01:53:57 IST" name="verifyclickOnCreateBtn" finished-at="2022-04-25T01:54:02 IST" duration-ms="5024" status="PASS">
          <reporter-output>
          </reporter-output>
        </test-method> <!-- verifyclickOnCreateBtn -->
        <test-method is-config="true" signature="tearDown()[pri:0, instance:com.aspire.qa.testcases.ManufacturingFeaturePageTest@33990a0c]" started-at="2022-04-25T01:54:02 IST" name="tearDown" finished-at="2022-04-25T01:54:03 IST" duration-ms="293" status="PASS">
          <reporter-output>
          </reporter-output>
        </test-method> <!-- tearDown -->
        <test-method is-config="true" signature="setUp()[pri:0, instance:com.aspire.qa.testcases.ManufacturingFeaturePageTest@33990a0c]" started-at="2022-04-25T01:54:03 IST" name="setUp" finished-at="2022-04-25T01:54:19 IST" duration-ms="16097" status="PASS">
          <reporter-output>
          </reporter-output>
        </test-method> <!-- setUp -->
        <test-method signature="createNewManufacturingOrders()[pri:2, instance:com.aspire.qa.testcases.ManufacturingFeaturePageTest@33990a0c]" started-at="2022-04-25T01:54:19 IST" name="createNewManufacturingOrders" finished-at="2022-04-25T01:54:19 IST" duration-ms="0" status="PASS">
          <reporter-output>
          </reporter-output>
        </test-method> <!-- createNewManufacturingOrders -->
        <test-method is-config="true" signature="tearDown()[pri:0, instance:com.aspire.qa.testcases.ManufacturingFeaturePageTest@33990a0c]" started-at="2022-04-25T01:54:19 IST" name="tearDown" finished-at="2022-04-25T01:54:19 IST" duration-ms="272" status="PASS">
          <reporter-output>
          </reporter-output>
        </test-method> <!-- tearDown -->
        <test-method is-config="true" signature="setUp()[pri:0, instance:com.aspire.qa.testcases.ManufacturingFeaturePageTest@33990a0c]" started-at="2022-04-25T01:54:19 IST" name="setUp" finished-at="2022-04-25T01:54:35 IST" duration-ms="15749" status="PASS">
          <reporter-output>
          </reporter-output>
        </test-method> <!-- setUp -->
        <test-method signature="clickOnConfirmOFManuFactPage()[pri:3, instance:com.aspire.qa.testcases.ManufacturingFeaturePageTest@33990a0c]" started-at="2022-04-25T01:54:35 IST" name="clickOnConfirmOFManuFactPage" finished-at="2022-04-25T01:54:40 IST" duration-ms="5056" status="PASS">
          <reporter-output>
          </reporter-output>
        </test-method> <!-- clickOnConfirmOFManuFactPage -->
        <test-method is-config="true" signature="tearDown()[pri:0, instance:com.aspire.qa.testcases.ManufacturingFeaturePageTest@33990a0c]" started-at="2022-04-25T01:54:40 IST" name="tearDown" finished-at="2022-04-25T01:54:40 IST" duration-ms="343" status="PASS">
          <reporter-output>
          </reporter-output>
        </test-method> <!-- tearDown -->
        <test-method is-config="true" signature="setUp()[pri:0, instance:com.aspire.qa.testcases.ManufacturingFeaturePageTest@33990a0c]" started-at="2022-04-25T01:54:40 IST" name="setUp" finished-at="2022-04-25T01:54:56 IST" duration-ms="16293" status="PASS">
          <reporter-output>
          </reporter-output>
        </test-method> <!-- setUp -->
        <test-method signature="clickOnConfirmPopUP()[pri:4, instance:com.aspire.qa.testcases.ManufacturingFeaturePageTest@33990a0c]" started-at="2022-04-25T01:54:56 IST" name="clickOnConfirmPopUP" finished-at="2022-04-25T01:54:59 IST" duration-ms="3012" status="PASS">
          <reporter-output>
          </reporter-output>
        </test-method> <!-- clickOnConfirmPopUP -->
        <test-method is-config="true" signature="tearDown()[pri:0, instance:com.aspire.qa.testcases.ManufacturingFeaturePageTest@33990a0c]" started-at="2022-04-25T01:54:59 IST" name="tearDown" finished-at="2022-04-25T01:55:00 IST" duration-ms="308" status="PASS">
          <reporter-output>
          </reporter-output>
        </test-method> <!-- tearDown -->
        <test-method is-config="true" signature="setUp()[pri:0, instance:com.aspire.qa.testcases.ManufacturingFeaturePageTest@33990a0c]" started-at="2022-04-25T01:55:00 IST" name="setUp" finished-at="2022-04-25T01:55:15 IST" duration-ms="15675" status="PASS">
          <reporter-output>
          </reporter-output>
        </test-method> <!-- setUp -->
        <test-method signature="ImmidiateProductionPopUp()[pri:5, instance:com.aspire.qa.testcases.ManufacturingFeaturePageTest@33990a0c]" started-at="2022-04-25T01:55:15 IST" name="ImmidiateProductionPopUp" finished-at="2022-04-25T01:55:18 IST" duration-ms="3005" status="PASS">
          <reporter-output>
          </reporter-output>
        </test-method> <!-- ImmidiateProductionPopUp -->
        <test-method is-config="true" signature="tearDown()[pri:0, instance:com.aspire.qa.testcases.ManufacturingFeaturePageTest@33990a0c]" started-at="2022-04-25T01:55:18 IST" name="tearDown" finished-at="2022-04-25T01:55:19 IST" duration-ms="291" status="PASS">
          <reporter-output>
          </reporter-output>
        </test-method> <!-- tearDown -->
      </class> <!-- com.aspire.qa.testcases.ManufacturingFeaturePageTest -->
    </test> <!-- Default test -->
  </suite> <!-- Default suite -->
</testng-results>
