<?xml version="1.0" encoding="UTF-8"?>
<!-- Generated by org.testng.reporters.JUnitXMLReporter -->
<testsuite ignored="0" hostname="DESKTOP-PUM4KLM" failures="0" tests="5" name="Default test" time="98.144" errors="0" timestamp="2022-04-25T01:55:19 IST">
  <testcase classname="com.aspire.qa.testcases.ManufacturingFeaturePageTest" name="verifyclickOnCreateBtn" time="5.024"/>
  <testcase classname="com.aspire.qa.testcases.ManufacturingFeaturePageTest" name="createNewManufacturingOrders" time="0.0"/>
  <testcase classname="com.aspire.qa.testcases.ManufacturingFeaturePageTest" name="clickOnConfirmOFManuFactPage" time="5.056"/>
  <testcase classname="com.aspire.qa.testcases.ManufacturingFeaturePageTest" name="clickOnConfirmPopUP" time="3.012"/>
  <testcase classname="com.aspire.qa.testcases.ManufacturingFeaturePageTest" name="ImmidiateProductionPopUp" time="3.005"/>
</testsuite> <!-- Default test -->
